#-----------------------------------------------------------
# Vivado v2017.4 (64-bit)
# SW Build 2086221 on Fri Dec 15 20:55:39 MST 2017
# IP Build 2085800 on Fri Dec 15 22:25:07 MST 2017
# Start of session at: Sun Jan 26 15:49:36 2025
# Process ID: 22724
# Current directory: C:/Users/Monica Pedro/Projects_Repo/Projects/Final_Project/Serial-to-Parallel-Converter
# Command line: vivado.exe -gui_launcher_event rodinguilauncherevent15880 C:\Users\Monica Pedro\Projects_Repo\Projects\Final_Project\Serial-to-Parallel-Converter\Serial-to-Parallel-Converter.xpr
# Log file: C:/Users/Monica Pedro/Projects_Repo/Projects/Final_Project/Serial-to-Parallel-Converter/vivado.log
# Journal file: C:/Users/Monica Pedro/Projects_Repo/Projects/Final_Project/Serial-to-Parallel-Converter\vivado.jou
#-----------------------------------------------------------
start_gui
open_project {C:/Users/Monica Pedro/Projects_Repo/Projects/Final_Project/Serial-to-Parallel-Converter/Serial-to-Parallel-Converter.xpr}
INFO: [ProjectBase 1-489] The host OS only allows 260 characters in a normal path. The project is stored in a path with more than 80 characters. If you experience issues with IP, Block Designs, or files not being found, please consider moving the project to a location with a shorter path. Alternately consider using the OS subst command to map part of the path to a drive letter.
Current project path is 'C:/Users/Monica Pedro/Projects_Repo/Projects/Final_Project/Serial-to-Parallel-Converter'
INFO: [Project 1-313] Project file moved from 'C:/Users/Monica Pedro/Documents/ECE_524/Final_Project/Serial-to-Parallel-Converter' since last save.
Scanning sources...
Finished scanning sources
INFO: [IP_Flow 19-234] Refreshing IP repositories
INFO: [IP_Flow 19-1704] No user IP repositories specified
INFO: [IP_Flow 19-2313] Loaded Vivado IP repository 'C:/Xilinx/Vivado/2017.4/data/ip'.
open_project: Time (s): cpu = 00:00:07 ; elapsed = 00:00:06 . Memory (MB): peak = 800.074 ; gain = 102.320
update_compile_order -fileset sources_1
exit
INFO: [Common 17-206] Exiting Vivado at Sun Jan 26 15:51:09 2025...
