#-----------------------------------------------------------
# Vivado v2017.4 (64-bit)
# SW Build 2086221 on Fri Dec 15 20:55:39 MST 2017
# IP Build 2085800 on Fri Dec 15 22:25:07 MST 2017
# Start of session at: Sun Jan 26 16:13:15 2025
# Process ID: 14420
# Current directory: C:/Users/Public/Documents/Final_Project
# Command line: vivado.exe -gui_launcher_event rodinguilauncherevent11512 C:\Users\Public\Documents\Final_Project\Final_Project.xpr
# Log file: C:/Users/Public/Documents/Final_Project/vivado.log
# Journal file: C:/Users/Public/Documents/Final_Project\vivado.jou
#-----------------------------------------------------------
start_gui
open_project C:/Users/Public/Documents/Final_Project/Final_Project.xpr
Scanning sources...
Finished scanning sources
INFO: [IP_Flow 19-234] Refreshing IP repositories
INFO: [IP_Flow 19-1704] No user IP repositories specified
INFO: [IP_Flow 19-2313] Loaded Vivado IP repository 'C:/Xilinx/Vivado/2017.4/data/ip'.
open_project: Time (s): cpu = 00:00:08 ; elapsed = 00:00:06 . Memory (MB): peak = 802.855 ; gain = 105.875
update_compile_order -fileset sources_1
